  stdafx.cpp
C:\Users\seben\デスクトップ\K2Engine\k2Engine\GameTemplate\k2Engine\graphics\light\VolumeLightBase.h(94,34): warning C4244: '=': 'int' から 'float' への変換です。データが失われる可能性があります。
C:\Users\seben\デスクトップ\K2Engine\k2Engine\GameTemplate\k2Engine\graphics\light\VolumeLightBase.h(87,8): message : クラス テンプレート メンバー関数 'void nsK2Engine::VolumeLight<nsK2Engine::PointLight,nsK2Engine::SPointLight>::PreDrawFinal(nsK2EngineLow::RenderContext &)' のコンパイル中
C:\Users\seben\デスクトップ\K2Engine\k2Engine\GameTemplate\k2Engine\graphics\light\VolumePointLight.h(11,37): message : コンパイル対象の クラス テンプレート インスタンス化 'nsK2Engine::VolumeLight<nsK2Engine::PointLight,nsK2Engine::SPointLight>' のリファレンスを確認してください
  Game.cpp
  main.cpp
  system.cpp
  コードを生成中...
k2Engine.lib(Effekseer.Effect.obj) : warning LNK4099: PDB '' が 'k2Engine.lib(Effekseer.Effect.obj)' で、または '' に見つかりません。デバッグ情報がないものとして、オブジェクトにリンクします。
k2Engine.lib(Effekseer.Manager.obj) : warning LNK4099: PDB '' が 'k2Engine.lib(Effekseer.Manager.obj)' で、または '' に見つかりません。デバッグ情報がないものとして、オブジェクトにリンクします。
k2Engine.lib(Effekseer.CurveLoader.obj) : warning LNK4099: PDB '' が 'k2Engine.lib(Effekseer.CurveLoader.obj)' で、または '' に見つかりません。デバッグ情報がないものとして、オブジェクトにリンクします。
k2Engine.lib(EffekseerRendererDX12.Renderer.obj) : warning LNK4099: PDB '' が 'k2Engine.lib(EffekseerRendererDX12.Renderer.obj)' で、または '' に見つかりません。デバッグ情報がないものとして、オブジェクトにリンクします。
k2Engine.lib(Common.obj) : warning LNK4099: PDB '' が 'k2Engine.lib(Common.obj)' で、または '' に見つかりません。デバッグ情報がないものとして、オブジェクトにリンクします。
k2Engine.lib(Effekseer.CustomAllocator.obj) : warning LNK4099: PDB '' が 'k2Engine.lib(Effekseer.CustomAllocator.obj)' で、または '' に見つかりません。デバッグ情報がないものとして、オブジェクトにリンクします。
k2Engine.lib(Effekseer.Vector3D.obj) : warning LNK4099: PDB '' が 'k2Engine.lib(Effekseer.Vector3D.obj)' で、または '' に見つかりません。デバッグ情報がないものとして、オブジェクトにリンクします。
k2Engine.lib(Effekseer.DefaultEffectLoader.obj) : warning LNK4099: PDB '' が 'k2Engine.lib(Effekseer.DefaultEffectLoader.obj)' で、または '' に見つかりません。デバッグ情報がないものとして、オブジェクトにリンクします。
k2Engine.lib(Effekseer.InternalScript.obj) : warning LNK4099: PDB '' が 'k2Engine.lib(Effekseer.InternalScript.obj)' で、または '' に見つかりません。デバッグ情報がないものとして、オブジェクトにリンクします。
k2Engine.lib(Effekseer.EffectNode.obj) : warning LNK4099: PDB '' が 'k2Engine.lib(Effekseer.EffectNode.obj)' で、または '' に見つかりません。デバッグ情報がないものとして、オブジェクトにリンクします。
k2Engine.lib(Effekseer.ResourceManager.obj) : warning LNK4099: PDB '' が 'k2Engine.lib(Effekseer.ResourceManager.obj)' で、または '' に見つかりません。デバッグ情報がないものとして、オブジェクトにリンクします。
k2Engine.lib(Effekseer.Setting.obj) : warning LNK4099: PDB '' が 'k2Engine.lib(Effekseer.Setting.obj)' で、または '' に見つかりません。デバッグ情報がないものとして、オブジェクトにリンクします。
k2Engine.lib(Culling3D.Vector3DF.obj) : warning LNK4099: PDB '' が 'k2Engine.lib(Culling3D.Vector3DF.obj)' で、または '' に見つかりません。デバッグ情報がないものとして、オブジェクトにリンクします。
k2Engine.lib(Culling3D.Matrix44.obj) : warning LNK4099: PDB '' が 'k2Engine.lib(Culling3D.Matrix44.obj)' で、または '' に見つかりません。デバッグ情報がないものとして、オブジェクトにリンクします。
k2Engine.lib(Culling3D.WorldInternal.obj) : warning LNK4099: PDB '' が 'k2Engine.lib(Culling3D.WorldInternal.obj)' で、または '' に見つかりません。デバッグ情報がないものとして、オブジェクトにリンクします。
k2Engine.lib(Culling3D.ObjectInternal.obj) : warning LNK4099: PDB '' が 'k2Engine.lib(Culling3D.ObjectInternal.obj)' で、または '' に見つかりません。デバッグ情報がないものとして、オブジェクトにリンクします。
k2Engine.lib(Utils.obj) : warning LNK4099: PDB '' が 'k2Engine.lib(Utils.obj)' で、または '' に見つかりません。デバッグ情報がないものとして、オブジェクトにリンクします。
k2Engine.lib(Mat43f.obj) : warning LNK4099: PDB '' が 'k2Engine.lib(Mat43f.obj)' で、または '' に見つかりません。デバッグ情報がないものとして、オブジェクトにリンクします。
k2Engine.lib(Effekseer.Random.obj) : warning LNK4099: PDB '' が 'k2Engine.lib(Effekseer.Random.obj)' で、または '' に見つかりません。デバッグ情報がないものとして、オブジェクトにリンクします。
k2Engine.lib(Effekseer.Matrix44.obj) : warning LNK4099: PDB '' が 'k2Engine.lib(Effekseer.Matrix44.obj)' で、または '' に見つかりません。デバッグ情報がないものとして、オブジェクトにリンクします。
k2Engine.lib(Effekseer.Instance.obj) : warning LNK4099: PDB '' が 'k2Engine.lib(Effekseer.Instance.obj)' で、または '' に見つかりません。デバッグ情報がないものとして、オブジェクトにリンクします。
k2Engine.lib(Effekseer.InstanceChunk.obj) : warning LNK4099: PDB '' が 'k2Engine.lib(Effekseer.InstanceChunk.obj)' で、または '' に見つかりません。デバッグ情報がないものとして、オブジェクトにリンクします。
k2Engine.lib(Effekseer.WorkerThread.obj) : warning LNK4099: PDB '' が 'k2Engine.lib(Effekseer.WorkerThread.obj)' で、または '' に見つかりません。デバッグ情報がないものとして、オブジェクトにリンクします。
k2Engine.lib(Effekseer.InstanceContainer.obj) : warning LNK4099: PDB '' が 'k2Engine.lib(Effekseer.InstanceContainer.obj)' で、または '' に見つかりません。デバッグ情報がないものとして、オブジェクトにリンクします。
k2Engine.lib(Effekseer.InstanceGlobal.obj) : warning LNK4099: PDB '' が 'k2Engine.lib(Effekseer.InstanceGlobal.obj)' で、または '' に見つかりません。デバッグ情報がないものとして、オブジェクトにリンクします。
k2Engine.lib(Effekseer.InstanceGroup.obj) : warning LNK4099: PDB '' が 'k2Engine.lib(Effekseer.InstanceGroup.obj)' で、または '' に見つかりません。デバッグ情報がないものとして、オブジェクトにリンクします。
k2Engine.lib(Effekseer.DefaultFile.obj) : warning LNK4099: PDB '' が 'k2Engine.lib(Effekseer.DefaultFile.obj)' で、または '' に見つかりません。デバッグ情報がないものとして、オブジェクトにリンクします。
k2Engine.lib(LLGI.BaseDX12.obj) : warning LNK4099: PDB '' が 'k2Engine.lib(LLGI.BaseDX12.obj)' で、または '' に見つかりません。デバッグ情報がないものとして、オブジェクトにリンクします。
k2Engine.lib(LLGI.GraphicsDX12.obj) : warning LNK4099: PDB '' が 'k2Engine.lib(LLGI.GraphicsDX12.obj)' で、または '' に見つかりません。デバッグ情報がないものとして、オブジェクトにリンクします。
k2Engine.lib(LLGI.CommandListDX12.obj) : warning LNK4099: PDB '' が 'k2Engine.lib(LLGI.CommandListDX12.obj)' で、または '' に見つかりません。デバッグ情報がないものとして、オブジェクトにリンクします。
k2Engine.lib(EffekseerMaterialCompilerDX12.obj) : warning LNK4099: PDB '' が 'k2Engine.lib(EffekseerMaterialCompilerDX12.obj)' で、または '' に見つかりません。デバッグ情報がないものとして、オブジェクトにリンクします。
k2Engine.lib(GraphicsDevice.obj) : warning LNK4099: PDB '' が 'k2Engine.lib(GraphicsDevice.obj)' で、または '' に見つかりません。デバッグ情報がないものとして、オブジェクトにリンクします。
k2Engine.lib(EffekseerRendererLLGI.Renderer.obj) : warning LNK4099: PDB '' が 'k2Engine.lib(EffekseerRendererLLGI.Renderer.obj)' で、または '' に見つかりません。デバッグ情報がないものとして、オブジェクトにリンクします。
k2Engine.lib(Effekseer.Color.obj) : warning LNK4099: PDB '' が 'k2Engine.lib(Effekseer.Color.obj)' で、または '' に見つかりません。デバッグ情報がないものとして、オブジェクトにリンクします。
k2Engine.lib(Effekseer.FCurves.obj) : warning LNK4099: PDB '' が 'k2Engine.lib(Effekseer.FCurves.obj)' で、または '' に見つかりません。デバッグ情報がないものとして、オブジェクトにリンクします。
k2Engine.lib(Effekseer.RectF.obj) : warning LNK4099: PDB '' が 'k2Engine.lib(Effekseer.RectF.obj)' で、または '' に見つかりません。デバッグ情報がないものとして、オブジェクトにリンクします。
k2Engine.lib(ForceFields.obj) : warning LNK4099: PDB '' が 'k2Engine.lib(ForceFields.obj)' で、または '' に見つかりません。デバッグ情報がないものとして、オブジェクトにリンクします。
k2Engine.lib(Easing.obj) : warning LNK4099: PDB '' が 'k2Engine.lib(Easing.obj)' で、または '' に見つかりません。デバッグ情報がないものとして、オブジェクトにリンクします。
k2Engine.lib(Effekseer.EffectNodeModel.obj) : warning LNK4099: PDB '' が 'k2Engine.lib(Effekseer.EffectNodeModel.obj)' で、または '' に見つかりません。デバッグ情報がないものとして、オブジェクトにリンクします。
k2Engine.lib(Effekseer.EffectNodeRibbon.obj) : warning LNK4099: PDB '' が 'k2Engine.lib(Effekseer.EffectNodeRibbon.obj)' で、または '' に見つかりません。デバッグ情報がないものとして、オブジェクトにリンクします。
k2Engine.lib(Effekseer.EffectNodeRing.obj) : warning LNK4099: PDB '' が 'k2Engine.lib(Effekseer.EffectNodeRing.obj)' で、または '' に見つかりません。デバッグ情報がないものとして、オブジェクトにリンクします。
k2Engine.lib(Effekseer.EffectNodeSprite.obj) : warning LNK4099: PDB '' が 'k2Engine.lib(Effekseer.EffectNodeSprite.obj)' で、または '' に見つかりません。デバッグ情報がないものとして、オブジェクトにリンクします。
k2Engine.lib(Effekseer.EffectNodeTrack.obj) : warning LNK4099: PDB '' が 'k2Engine.lib(Effekseer.EffectNodeTrack.obj)' で、または '' に見つかりません。デバッグ情報がないものとして、オブジェクトにリンクします。
k2Engine.lib(ProceduralModelGenerator.obj) : warning LNK4099: PDB '' が 'k2Engine.lib(ProceduralModelGenerator.obj)' で、または '' に見つかりません。デバッグ情報がないものとして、オブジェクトにリンクします。
k2Engine.lib(Effekseer.EfkEfcFactory.obj) : warning LNK4099: PDB '' が 'k2Engine.lib(Effekseer.EfkEfcFactory.obj)' で、または '' に見つかりません。デバッグ情報がないものとして、オブジェクトにリンクします。
k2Engine.lib(Culling3D.ReferenceObject.obj) : warning LNK4099: PDB '' が 'k2Engine.lib(Culling3D.ReferenceObject.obj)' で、または '' に見つかりません。デバッグ情報がないものとして、オブジェクトにリンクします。
k2Engine.lib(Culling3D.Grid.obj) : warning LNK4099: PDB '' が 'k2Engine.lib(Culling3D.Grid.obj)' で、または '' に見つかりません。デバッグ情報がないものとして、オブジェクトにリンクします。
k2Engine.lib(Culling3D.Layer.obj) : warning LNK4099: PDB '' が 'k2Engine.lib(Culling3D.Layer.obj)' で、または '' に見つかりません。デバッグ情報がないものとして、オブジェクトにリンクします。
k2Engine.lib(Effekseer.Parameters.obj) : warning LNK4099: PDB '' が 'k2Engine.lib(Effekseer.Parameters.obj)' で、または '' に見つかりません。デバッグ情報がないものとして、オブジェクトにリンクします。
k2Engine.lib(Model.obj) : warning LNK4099: PDB '' が 'k2Engine.lib(Model.obj)' で、または '' に見つかりません。デバッグ情報がないものとして、オブジェクトにリンクします。
k2Engine.lib(LLGI.Graphics.obj) : warning LNK4099: PDB '' が 'k2Engine.lib(LLGI.Graphics.obj)' で、または '' に見つかりません。デバッグ情報がないものとして、オブジェクトにリンクします。
k2Engine.lib(LLGI.RenderPassDX12.obj) : warning LNK4099: PDB '' が 'k2Engine.lib(LLGI.RenderPassDX12.obj)' で、または '' に見つかりません。デバッグ情報がないものとして、オブジェクトにリンクします。
k2Engine.lib(LLGI.BufferDX12.obj) : warning LNK4099: PDB '' が 'k2Engine.lib(LLGI.BufferDX12.obj)' で、または '' に見つかりません。デバッグ情報がないものとして、オブジェクトにリンクします。
k2Engine.lib(LLGI.CommandList.obj) : warning LNK4099: PDB '' が 'k2Engine.lib(LLGI.CommandList.obj)' で、または '' に見つかりません。デバッグ情報がないものとして、オブジェクトにリンクします。
k2Engine.lib(LLGI.PipelineStateDX12.obj) : warning LNK4099: PDB '' が 'k2Engine.lib(LLGI.PipelineStateDX12.obj)' で、または '' に見つかりません。デバッグ情報がないものとして、オブジェクトにリンクします。
k2Engine.lib(LLGI.ConstantBufferDX12.obj) : warning LNK4099: PDB '' が 'k2Engine.lib(LLGI.ConstantBufferDX12.obj)' で、または '' に見つかりません。デバッグ情報がないものとして、オブジェクトにリンクします。
k2Engine.lib(LLGI.IndexBufferDX12.obj) : warning LNK4099: PDB '' が 'k2Engine.lib(LLGI.IndexBufferDX12.obj)' で、または '' に見つかりません。デバッグ情報がないものとして、オブジェクトにリンクします。
k2Engine.lib(LLGI.TextureDX12.obj) : warning LNK4099: PDB '' が 'k2Engine.lib(LLGI.TextureDX12.obj)' で、または '' に見つかりません。デバッグ情報がないものとして、オブジェクトにリンクします。
k2Engine.lib(LLGI.ShaderDX12.obj) : warning LNK4099: PDB '' が 'k2Engine.lib(LLGI.ShaderDX12.obj)' で、または '' に見つかりません。デバッグ情報がないものとして、オブジェクトにリンクします。
k2Engine.lib(LLGI.SingleFrameMemoryPoolDX12.obj) : warning LNK4099: PDB '' が 'k2Engine.lib(LLGI.SingleFrameMemoryPoolDX12.obj)' で、または '' に見つかりません。デバッグ情報がないものとして、オブジェクトにリンクします。
k2Engine.lib(LLGI.VertexBufferDX12.obj) : warning LNK4099: PDB '' が 'k2Engine.lib(LLGI.VertexBufferDX12.obj)' で、または '' に見つかりません。デバッグ情報がないものとして、オブジェクトにリンクします。
k2Engine.lib(LLGI.DescriptorHeapDX12.obj) : warning LNK4099: PDB '' が 'k2Engine.lib(LLGI.DescriptorHeapDX12.obj)' で、または '' に見つかりません。デバッグ情報がないものとして、オブジェクトにリンクします。
k2Engine.lib(LLGI.CompilerDX12.obj) : warning LNK4099: PDB '' が 'k2Engine.lib(LLGI.CompilerDX12.obj)' で、または '' に見つかりません。デバッグ情報がないものとして、オブジェクトにリンクします。
k2Engine.lib(Mat44f.obj) : warning LNK4099: PDB '' が 'k2Engine.lib(Mat44f.obj)' で、または '' に見つかりません。デバッグ情報がないものとして、オブジェクトにリンクします。
k2Engine.lib(EffekseerRenderer.Renderer.obj) : warning LNK4099: PDB '' が 'k2Engine.lib(EffekseerRenderer.Renderer.obj)' で、または '' に見つかりません。デバッグ情報がないものとして、オブジェクトにリンクします。
k2Engine.lib(EffekseerRenderer.RenderStateBase.obj) : warning LNK4099: PDB '' が 'k2Engine.lib(EffekseerRenderer.RenderStateBase.obj)' で、または '' に見つかりません。デバッグ情報がないものとして、オブジェクトにリンクします。
k2Engine.lib(EffekseerRenderer.Renderer_Impl.obj) : warning LNK4099: PDB '' が 'k2Engine.lib(EffekseerRenderer.Renderer_Impl.obj)' で、または '' に見つかりません。デバッグ情報がないものとして、オブジェクトにリンクします。
k2Engine.lib(SplineGenerator.obj) : warning LNK4099: PDB '' が 'k2Engine.lib(SplineGenerator.obj)' で、または '' に見つかりません。デバッグ情報がないものとして、オブジェクトにリンクします。
k2Engine.lib(EffekseerRenderer.CommonUtils.obj) : warning LNK4099: PDB '' が 'k2Engine.lib(EffekseerRenderer.CommonUtils.obj)' で、または '' に見つかりません。デバッグ情報がないものとして、オブジェクトにリンクします。
k2Engine.lib(EffekseerRendererLLGI.RenderState.obj) : warning LNK4099: PDB '' が 'k2Engine.lib(EffekseerRendererLLGI.RenderState.obj)' で、または '' に見つかりません。デバッグ情報がないものとして、オブジェクトにリンクします。
k2Engine.lib(EffekseerRenderer.IndexBufferBase.obj) : warning LNK4099: PDB '' が 'k2Engine.lib(EffekseerRenderer.IndexBufferBase.obj)' で、または '' に見つかりません。デバッグ情報がないものとして、オブジェクトにリンクします。
k2Engine.lib(EffekseerRendererLLGI.IndexBuffer.obj) : warning LNK4099: PDB '' が 'k2Engine.lib(EffekseerRendererLLGI.IndexBuffer.obj)' で、または '' に見つかりません。デバッグ情報がないものとして、オブジェクトにリンクします。
k2Engine.lib(EffekseerRendererLLGI.MaterialLoader.obj) : warning LNK4099: PDB '' が 'k2Engine.lib(EffekseerRendererLLGI.MaterialLoader.obj)' で、または '' に見つかりません。デバッグ情報がないものとして、オブジェクトにリンクします。
k2Engine.lib(EffekseerRendererLLGI.ModelRenderer.obj) : warning LNK4099: PDB '' が 'k2Engine.lib(EffekseerRendererLLGI.ModelRenderer.obj)' で、または '' に見つかりません。デバッグ情報がないものとして、オブジェクトにリンクします。
k2Engine.lib(EffekseerRendererLLGI.Shader.obj) : warning LNK4099: PDB '' が 'k2Engine.lib(EffekseerRendererLLGI.Shader.obj)' で、または '' に見つかりません。デバッグ情報がないものとして、オブジェクトにリンクします。
k2Engine.lib(EffekseerRendererLLGI.VertexBuffer.obj) : warning LNK4099: PDB '' が 'k2Engine.lib(EffekseerRendererLLGI.VertexBuffer.obj)' で、または '' に見つかりません。デバッグ情報がないものとして、オブジェクトにリンクします。
k2Engine.lib(ModelLoader.obj) : warning LNK4099: PDB '' が 'k2Engine.lib(ModelLoader.obj)' で、または '' に見つかりません。デバッグ情報がないものとして、オブジェクトにリンクします。
k2Engine.lib(TextureLoader.obj) : warning LNK4099: PDB '' が 'k2Engine.lib(TextureLoader.obj)' で、または '' に見つかりません。デバッグ情報がないものとして、オブジェクトにリンクします。
k2Engine.lib(Effekseer.Vector2D.obj) : warning LNK4099: PDB '' が 'k2Engine.lib(Effekseer.Vector2D.obj)' で、または '' に見つかりません。デバッグ情報がないものとして、オブジェクトにリンクします。
k2Engine.lib(CurlNoise.obj) : warning LNK4099: PDB '' が 'k2Engine.lib(CurlNoise.obj)' で、または '' に見つかりません。デバッグ情報がないものとして、オブジェクトにリンクします。
k2Engine.lib(LLGI.PipelineState.obj) : warning LNK4099: PDB '' が 'k2Engine.lib(LLGI.PipelineState.obj)' で、または '' に見つかりません。デバッグ情報がないものとして、オブジェクトにリンクします。
k2Engine.lib(LLGI.ConstantBuffer.obj) : warning LNK4099: PDB '' が 'k2Engine.lib(LLGI.ConstantBuffer.obj)' で、または '' に見つかりません。デバッグ情報がないものとして、オブジェクトにリンクします。
k2Engine.lib(LLGI.IndexBuffer.obj) : warning LNK4099: PDB '' が 'k2Engine.lib(LLGI.IndexBuffer.obj)' で、または '' に見つかりません。デバッグ情報がないものとして、オブジェクトにリンクします。
k2Engine.lib(LLGI.Texture.obj) : warning LNK4099: PDB '' が 'k2Engine.lib(LLGI.Texture.obj)' で、または '' に見つかりません。デバッグ情報がないものとして、オブジェクトにリンクします。
k2Engine.lib(LLGI.VertexBuffer.obj) : warning LNK4099: PDB '' が 'k2Engine.lib(LLGI.VertexBuffer.obj)' で、または '' に見つかりません。デバッグ情報がないものとして、オブジェクトにリンクします。
k2Engine.lib(LLGI.Compiler.obj) : warning LNK4099: PDB '' が 'k2Engine.lib(LLGI.Compiler.obj)' で、または '' に見つかりません。デバッグ情報がないものとして、オブジェクトにリンクします。
k2Engine.lib(EffekseerRendererLLGI.DeviceObject.obj) : warning LNK4099: PDB '' が 'k2Engine.lib(EffekseerRendererLLGI.DeviceObject.obj)' で、または '' に見つかりません。デバッグ情報がないものとして、オブジェクトにリンクします。
k2Engine.lib(Effekseer.MaterialFile.obj) : warning LNK4099: PDB '' が 'k2Engine.lib(Effekseer.MaterialFile.obj)' で、または '' に見つかりません。デバッグ情報がないものとして、オブジェクトにリンクします。
k2Engine.lib(Effekseer.CompiledMaterial.obj) : warning LNK4099: PDB '' が 'k2Engine.lib(Effekseer.CompiledMaterial.obj)' で、または '' に見つかりません。デバッグ情報がないものとして、オブジェクトにリンクします。
k2Engine.lib(EffekseerRenderer.VertexBufferBase.obj) : warning LNK4099: PDB '' が 'k2Engine.lib(EffekseerRenderer.VertexBufferBase.obj)' で、または '' に見つかりません。デバッグ情報がないものとして、オブジェクトにリンクします。
k2Engine.lib(ModelLoader.obj) : warning LNK4099: PDB '' が 'k2Engine.lib(ModelLoader.obj)' で、または '' に見つかりません。デバッグ情報がないものとして、オブジェクトにリンクします。
k2Engine.lib(EffekseerRenderer.DDSTextureLoader.obj) : warning LNK4099: PDB '' が 'k2Engine.lib(EffekseerRenderer.DDSTextureLoader.obj)' で、または '' に見つかりません。デバッグ情報がないものとして、オブジェクトにリンクします。
k2Engine.lib(EffekseerRenderer.PngTextureLoader.obj) : warning LNK4099: PDB '' が 'k2Engine.lib(EffekseerRenderer.PngTextureLoader.obj)' で、または '' に見つかりません。デバッグ情報がないものとして、オブジェクトにリンクします。
k2Engine.lib(EffekseerRenderer.TGATextureLoader.obj) : warning LNK4099: PDB '' が 'k2Engine.lib(EffekseerRenderer.TGATextureLoader.obj)' で、または '' に見つかりません。デバッグ情報がないものとして、オブジェクトにリンクします。
  Game.vcxproj -> C:\Users\seben\デスクトップ\K2Engine\k2Engine\GameTemplate\Game\x64\Debug\Game.exe
